2023-12-23 19:05:54,255:INFO:PyCaret Supervised Module
2023-12-23 19:05:54,255:INFO:ML Usecase: regression
2023-12-23 19:05:54,256:INFO:version 2.3.5
2023-12-23 19:05:54,256:INFO:Initializing setup()
2023-12-23 19:05:54,256:INFO:setup(target=Price, ml_usecase=regression, available_plots={'parameter': 'Hyperparameters', 'residuals': 'Residuals', 'error': 'Prediction Error', 'cooks': 'Cooks Distance', 'rfe': 'Feature Selection', 'learning': 'Learning Curve', 'manifold': 'Manifold Learning', 'vc': 'Validation Curve', 'feature': 'Feature Importance', 'feature_all': 'Feature Importance (All)', 'tree': 'Decision Tree', 'residuals_interactive': 'Interactive Residuals'}, train_size=0.7, test_data=None, preprocess=True, imputation_type=simple, iterative_imputation_iters=5, categorical_features=None, categorical_imputation=constant, categorical_iterative_imputer=lightgbm, ordinal_features=None, high_cardinality_features=None, high_cardinality_method=frequency, numeric_features=None, numeric_imputation=mean, numeric_iterative_imputer=lightgbm, date_features=None, ignore_features=None, normalize=False, normalize_method=zscore, transformation=False, transformation_method=yeo-johnson, handle_unknown_categorical=True, unknown_categorical_method=least_frequent, pca=False, pca_method=linear, pca_components=None, ignore_low_variance=False, combine_rare_levels=False, rare_level_threshold=0.1, bin_numeric_features=None, remove_outliers=False, outliers_threshold=0.05, remove_multicollinearity=False, multicollinearity_threshold=0.9, remove_perfect_collinearity=True, create_clusters=False, cluster_iter=20, polynomial_features=False, polynomial_degree=2, trigonometry_features=False, polynomial_threshold=0.1, group_features=None, group_names=None, feature_selection=False, feature_selection_threshold=0.8, feature_selection_method=classic, feature_interaction=False, feature_ratio=False, interaction_threshold=0.01, fix_imbalance=False, fix_imbalance_method=None, transform_target=True, transform_target_method=box-cox, data_split_shuffle=True, data_split_stratify=False, fold_strategy=kfold, fold=10, fold_shuffle=False, fold_groups=None, n_jobs=-1, use_gpu=False, custom_pipeline=None, html=True, session_id=None, log_experiment=True, experiment_name=diamond, log_plots=False, log_profile=False, log_data=False, silent=True, verbose=True, profile=False, profile_kwargs=None, display=None)
2023-12-23 19:05:54,256:INFO:Checking environment
2023-12-23 19:05:54,256:INFO:python_version: 3.8.10
2023-12-23 19:05:54,256:INFO:python_build: ('tags/v3.8.10:3d8993a', 'May  3 2021 11:48:03')
2023-12-23 19:05:54,256:INFO:machine: AMD64
2023-12-23 19:05:54,256:INFO:platform: Windows-10-10.0.22631-SP0
2023-12-23 19:05:54,266:INFO:Memory: svmem(total=8280072192, available=723791872, percent=91.3, used=7556280320, free=723791872)
2023-12-23 19:05:54,266:INFO:Physical Core: 12
2023-12-23 19:05:54,266:INFO:Logical Core: 16
2023-12-23 19:05:54,266:INFO:Checking libraries
2023-12-23 19:05:54,266:INFO:pd==1.4.4
2023-12-23 19:05:54,266:INFO:numpy==1.19.5
2023-12-23 19:05:54,266:INFO:sklearn==0.23.2
2023-12-23 19:05:54,266:INFO:lightgbm==4.2.0
2023-12-23 19:05:54,268:WARNING:catboost not found
2023-12-23 19:05:54,269:WARNING:xgboost not found
2023-12-23 19:05:55,205:INFO:mlflow==2.9.2
2023-12-23 19:05:55,205:INFO:Checking Exceptions
2023-12-23 19:05:55,205:INFO:Declaring global variables
2023-12-23 19:05:55,206:INFO:USI: c2ea
2023-12-23 19:05:55,206:INFO:pycaret_globals: {'fold_shuffle_param', 'USI', 'fix_imbalance_param', '_ml_usecase', 'prep_pipe', 'fold_generator', '_all_metrics', 'fix_imbalance_method_param', 'fold_groups_param_full', '_gpu_n_jobs_param', 'display_container', 'imputation_classifier', 'target_param', '_internal_pipeline', 'y_test', 'X', 'master_model_container', 'n_jobs_param', 'pycaret_globals', 'X_test', 'y_train', 'transform_target_method_param', 'exp_name_log', 'data_before_preprocess', 'stratify_param', '_available_plots', 'transform_target_param', '_all_models_internal', 'X_train', 'iterative_imputation_iters_param', '_all_models', 'create_model_container', 'fold_param', 'gpu_param', 'imputation_regressor', 'html_param', 'log_plots_param', 'logging_param', 'seed', 'fold_groups_param', 'experiment__', 'y'}
2023-12-23 19:05:55,206:INFO:Preparing display monitor
2023-12-23 19:05:55,206:INFO:Preparing display monitor
2023-12-23 19:05:55,219:INFO:Importing libraries
2023-12-23 19:05:55,219:INFO:Copying data for preprocessing
2023-12-23 19:05:55,229:INFO:Declaring preprocessing parameters
2023-12-23 19:05:55,232:INFO:Creating preprocessing pipeline
2023-12-23 19:05:55,249:INFO:Preprocessing pipeline created successfully
2023-12-23 19:05:55,249:ERROR:(Process Exit): setup has been interupted with user command 'quit'. setup must rerun.
2023-12-23 19:05:55,249:INFO:Creating global containers
2023-12-23 19:05:55,260:INFO:Internal pipeline: Pipeline(memory=None, steps=[('empty_step', 'passthrough')], verbose=False)
2023-12-23 19:05:55,687:WARNING:Couldn't import xgboost.XGBRegressor
2023-12-23 19:05:55,687:WARNING:Couldn't import catboost.CatBoostRegressor
2023-12-23 19:05:55,845:WARNING:Couldn't import xgboost.XGBRegressor
2023-12-23 19:05:55,848:WARNING:Couldn't import catboost.CatBoostRegressor
2023-12-23 19:05:55,848:INFO:Creating grid variables
2023-12-23 19:05:55,876:INFO:Logging experiment in MLFlow
2023-12-23 19:05:55,897:WARNING:Couldn't create mlflow experiment. Exception:
2023-12-23 19:05:55,905:WARNING:Traceback (most recent call last):
  File "c:\Users\vikas\Desktop\MLOPS\mlops\lib\site-packages\pycaret\internal\tabular.py", line 1738, in setup
    mlflow.create_experiment(exp_name_log)
  File "c:\Users\vikas\Desktop\MLOPS\mlops\lib\site-packages\mlflow\tracking\fluent.py", line 1560, in create_experiment
    return MlflowClient().create_experiment(name, artifact_location, tags)
  File "c:\Users\vikas\Desktop\MLOPS\mlops\lib\site-packages\mlflow\tracking\client.py", line 570, in create_experiment
    return self._tracking_client.create_experiment(name, artifact_location, tags)
  File "c:\Users\vikas\Desktop\MLOPS\mlops\lib\site-packages\mlflow\tracking\_tracking_service\client.py", line 235, in create_experiment
    return self.store.create_experiment(
  File "c:\Users\vikas\Desktop\MLOPS\mlops\lib\site-packages\mlflow\store\tracking\file_store.py", line 379, in create_experiment
    self._validate_experiment_does_not_exist(name)
  File "c:\Users\vikas\Desktop\MLOPS\mlops\lib\site-packages\mlflow\store\tracking\file_store.py", line 371, in _validate_experiment_does_not_exist
    raise MlflowException(
mlflow.exceptions.MlflowException: Experiment 'diamond' already exists.

2023-12-23 19:05:56,311:INFO:SubProcess save_model() called ==================================
2023-12-23 19:05:56,320:INFO:Initializing save_model()
2023-12-23 19:05:56,320:INFO:save_model(model=Pipeline(memory=None,
         steps=[('dtypes',
                 DataTypes_Auto_infer(categorical_features=[],
                                      display_types=False, features_todrop=[],
                                      id_columns=[], ml_usecase='regression',
                                      numerical_features=[], target='Price',
                                      time_features=[])),
                ('imputer',
                 Simple_Imputer(categorical_strategy='not_available',
                                fill_value_categorical=None,
                                fill_value_numerical=None,
                                numeric_strategy=...
                ('scaling', 'passthrough'), ('P_transform', 'passthrough'),
                ('binn', 'passthrough'), ('rem_outliers', 'passthrough'),
                ('cluster_all', 'passthrough'),
                ('dummy', Dummify(target='Price')),
                ('fix_perfect', Remove_100(target='Price')),
                ('clean_names', Clean_Colum_Names()),
                ('feature_select', 'passthrough'), ('fix_multi', 'passthrough'),
                ('dfs', 'passthrough'), ('pca', 'passthrough')],
         verbose=False), model_name=Transformation Pipeline, prep_pipe_=Pipeline(memory=None,
         steps=[('dtypes',
                 DataTypes_Auto_infer(categorical_features=[],
                                      display_types=False, features_todrop=[],
                                      id_columns=[], ml_usecase='regression',
                                      numerical_features=[], target='Price',
                                      time_features=[])),
                ('imputer',
                 Simple_Imputer(categorical_strategy='not_available',
                                fill_value_categorical=None,
                                fill_value_numerical=None,
                                numeric_strategy=...
                ('scaling', 'passthrough'), ('P_transform', 'passthrough'),
                ('binn', 'passthrough'), ('rem_outliers', 'passthrough'),
                ('cluster_all', 'passthrough'),
                ('dummy', Dummify(target='Price')),
                ('fix_perfect', Remove_100(target='Price')),
                ('clean_names', Clean_Colum_Names()),
                ('feature_select', 'passthrough'), ('fix_multi', 'passthrough'),
                ('dfs', 'passthrough'), ('pca', 'passthrough')],
         verbose=False), verbose=False, kwargs={})
2023-12-23 19:05:56,320:INFO:Adding model into prep_pipe
2023-12-23 19:05:56,321:WARNING:Only Model saved as it was a pipeline.
2023-12-23 19:05:56,328:INFO:Transformation Pipeline.pkl saved in current working directory
2023-12-23 19:05:56,332:INFO:Pipeline(memory=None,
         steps=[('dtypes',
                 DataTypes_Auto_infer(categorical_features=[],
                                      display_types=False, features_todrop=[],
                                      id_columns=[], ml_usecase='regression',
                                      numerical_features=[], target='Price',
                                      time_features=[])),
                ('imputer',
                 Simple_Imputer(categorical_strategy='not_available',
                                fill_value_categorical=None,
                                fill_value_numerical=None,
                                numeric_strategy=...
                ('scaling', 'passthrough'), ('P_transform', 'passthrough'),
                ('binn', 'passthrough'), ('rem_outliers', 'passthrough'),
                ('cluster_all', 'passthrough'),
                ('dummy', Dummify(target='Price')),
                ('fix_perfect', Remove_100(target='Price')),
                ('clean_names', Clean_Colum_Names()),
                ('feature_select', 'passthrough'), ('fix_multi', 'passthrough'),
                ('dfs', 'passthrough'), ('pca', 'passthrough')],
         verbose=False)
2023-12-23 19:05:56,332:INFO:save_model() successfully completed......................................
2023-12-23 19:05:56,430:INFO:SubProcess save_model() end ==================================
