2023-12-23 17:53:44,979:INFO:PyCaret Supervised Module
2023-12-23 17:53:44,980:INFO:ML Usecase: regression
2023-12-23 17:53:44,980:INFO:version 2.3.5
2023-12-23 17:53:44,980:INFO:Initializing setup()
2023-12-23 17:53:44,980:INFO:setup(target=Price, ml_usecase=regression, available_plots={'parameter': 'Hyperparameters', 'residuals': 'Residuals', 'error': 'Prediction Error', 'cooks': 'Cooks Distance', 'rfe': 'Feature Selection', 'learning': 'Learning Curve', 'manifold': 'Manifold Learning', 'vc': 'Validation Curve', 'feature': 'Feature Importance', 'feature_all': 'Feature Importance (All)', 'tree': 'Decision Tree', 'residuals_interactive': 'Interactive Residuals'}, train_size=0.7, test_data=None, preprocess=True, imputation_type=simple, iterative_imputation_iters=5, categorical_features=None, categorical_imputation=constant, categorical_iterative_imputer=lightgbm, ordinal_features=None, high_cardinality_features=None, high_cardinality_method=frequency, numeric_features=None, numeric_imputation=mean, numeric_iterative_imputer=lightgbm, date_features=None, ignore_features=None, normalize=True, normalize_method=zscore, transformation=True, transformation_method=yeo-johnson, handle_unknown_categorical=True, unknown_categorical_method=least_frequent, pca=False, pca_method=linear, pca_components=None, ignore_low_variance=False, combine_rare_levels=True, rare_level_threshold=0.05, bin_numeric_features=['Carat Weight'], remove_outliers=False, outliers_threshold=0.05, remove_multicollinearity=True, multicollinearity_threshold=0.95, remove_perfect_collinearity=True, create_clusters=False, cluster_iter=20, polynomial_features=False, polynomial_degree=2, trigonometry_features=False, polynomial_threshold=0.1, group_features=None, group_names=None, feature_selection=False, feature_selection_threshold=0.8, feature_selection_method=classic, feature_interaction=False, feature_ratio=False, interaction_threshold=0.01, fix_imbalance=False, fix_imbalance_method=None, transform_target=True, transform_target_method=box-cox, data_split_shuffle=True, data_split_stratify=False, fold_strategy=kfold, fold=10, fold_shuffle=False, fold_groups=None, n_jobs=-1, use_gpu=False, custom_pipeline=None, html=True, session_id=123, log_experiment=True, experiment_name=diamond1, log_plots=False, log_profile=False, log_data=False, silent=True, verbose=True, profile=False, profile_kwargs=None, display=None)
2023-12-23 17:53:44,980:INFO:Checking environment
2023-12-23 17:53:44,981:INFO:python_version: 3.8.10
2023-12-23 17:53:44,981:INFO:python_build: ('tags/v3.8.10:3d8993a', 'May  3 2021 11:48:03')
2023-12-23 17:53:44,981:INFO:machine: AMD64
2023-12-23 17:53:44,981:INFO:platform: Windows-10-10.0.22631-SP0
2023-12-23 17:53:44,987:INFO:Memory: svmem(total=8280072192, available=679776256, percent=91.8, used=7600295936, free=679776256)
2023-12-23 17:53:44,987:INFO:Physical Core: 12
2023-12-23 17:53:44,987:INFO:Logical Core: 16
2023-12-23 17:53:44,987:INFO:Checking libraries
2023-12-23 17:53:44,987:INFO:pd==1.4.4
2023-12-23 17:53:44,987:INFO:numpy==1.19.5
2023-12-23 17:53:44,988:INFO:sklearn==0.23.2
2023-12-23 17:53:44,988:INFO:lightgbm==4.2.0
2023-12-23 17:53:44,989:WARNING:catboost not found
2023-12-23 17:53:44,990:WARNING:xgboost not found
2023-12-23 17:53:46,154:INFO:mlflow==2.9.2
2023-12-23 17:53:46,154:INFO:Checking Exceptions
2023-12-23 17:53:46,154:INFO:Declaring global variables
2023-12-23 17:53:46,155:INFO:USI: 444a
2023-12-23 17:53:46,155:INFO:pycaret_globals: {'_all_metrics', 'experiment__', 'fold_groups_param', '_all_models_internal', 'X_train', 'y_train', 'n_jobs_param', 'y', 'fix_imbalance_method_param', 'prep_pipe', 'imputation_regressor', 'log_plots_param', 'display_container', 'y_test', 'transform_target_param', 'X_test', '_ml_usecase', 'stratify_param', 'imputation_classifier', '_available_plots', '_all_models', '_gpu_n_jobs_param', 'target_param', 'exp_name_log', 'logging_param', 'X', 'seed', 'iterative_imputation_iters_param', 'USI', 'fold_shuffle_param', 'master_model_container', 'create_model_container', 'data_before_preprocess', 'fix_imbalance_param', 'fold_groups_param_full', 'fold_generator', '_internal_pipeline', 'gpu_param', 'html_param', 'transform_target_method_param', 'pycaret_globals', 'fold_param'}
2023-12-23 17:53:46,155:INFO:Preparing display monitor
2023-12-23 17:53:46,155:INFO:Preparing display monitor
2023-12-23 17:53:46,170:INFO:Importing libraries
2023-12-23 17:53:46,170:INFO:Copying data for preprocessing
2023-12-23 17:53:46,189:INFO:Declaring preprocessing parameters
2023-12-23 17:53:46,192:INFO:Creating preprocessing pipeline
2023-12-23 17:53:46,216:INFO:Preprocessing pipeline created successfully
2023-12-23 17:53:46,216:ERROR:(Process Exit): setup has been interupted with user command 'quit'. setup must rerun.
2023-12-23 17:53:46,217:INFO:Creating global containers
2023-12-23 17:53:46,219:INFO:Internal pipeline: Pipeline(memory=None, steps=[('empty_step', 'passthrough')], verbose=False)
2023-12-23 17:53:46,828:WARNING:Couldn't import xgboost.XGBRegressor
2023-12-23 17:53:46,830:WARNING:Couldn't import catboost.CatBoostRegressor
2023-12-23 17:53:46,977:WARNING:Couldn't import xgboost.XGBRegressor
2023-12-23 17:53:46,978:WARNING:Couldn't import catboost.CatBoostRegressor
2023-12-23 17:53:46,978:INFO:Creating grid variables
2023-12-23 17:53:46,998:INFO:Logging experiment in MLFlow
2023-12-23 17:53:47,014:WARNING:Couldn't create mlflow experiment. Exception:
2023-12-23 17:53:47,023:WARNING:Traceback (most recent call last):
  File "c:\Users\vikas\Desktop\MLOPS\mlops\lib\site-packages\pycaret\internal\tabular.py", line 1738, in setup
    mlflow.create_experiment(exp_name_log)
  File "c:\Users\vikas\Desktop\MLOPS\mlops\lib\site-packages\mlflow\tracking\fluent.py", line 1560, in create_experiment
    return MlflowClient().create_experiment(name, artifact_location, tags)
  File "c:\Users\vikas\Desktop\MLOPS\mlops\lib\site-packages\mlflow\tracking\client.py", line 570, in create_experiment
    return self._tracking_client.create_experiment(name, artifact_location, tags)
  File "c:\Users\vikas\Desktop\MLOPS\mlops\lib\site-packages\mlflow\tracking\_tracking_service\client.py", line 235, in create_experiment
    return self.store.create_experiment(
  File "c:\Users\vikas\Desktop\MLOPS\mlops\lib\site-packages\mlflow\store\tracking\file_store.py", line 379, in create_experiment
    self._validate_experiment_does_not_exist(name)
  File "c:\Users\vikas\Desktop\MLOPS\mlops\lib\site-packages\mlflow\store\tracking\file_store.py", line 371, in _validate_experiment_does_not_exist
    raise MlflowException(
mlflow.exceptions.MlflowException: Experiment 'diamond1' already exists.

2023-12-23 17:53:47,515:INFO:SubProcess save_model() called ==================================
2023-12-23 17:53:47,527:INFO:Initializing save_model()
2023-12-23 17:53:47,527:INFO:save_model(model=Pipeline(memory=None,
         steps=[('dtypes',
                 DataTypes_Auto_infer(categorical_features=[],
                                      display_types=False, features_todrop=[],
                                      id_columns=[], ml_usecase='regression',
                                      numerical_features=[], target='Price',
                                      time_features=[])),
                ('imputer',
                 Simple_Imputer(categorical_strategy='not_available',
                                fill_value_categorical=None,
                                fill_value_numerical=None,
                                numeric_strategy=...
                ('dummy', Dummify(target='Price')),
                ('fix_perfect', Remove_100(target='Price')),
                ('clean_names', Clean_Colum_Names()),
                ('feature_select', 'passthrough'),
                ('fix_multi',
                 Fix_multicollinearity(correlation_with_target_preference=None,
                                       correlation_with_target_threshold=0.0,
                                       target_variable='Price',
                                       threshold=0.95)),
                ('dfs', 'passthrough'), ('pca', 'passthrough')],
         verbose=False), model_name=Transformation Pipeline, prep_pipe_=Pipeline(memory=None,
         steps=[('dtypes',
                 DataTypes_Auto_infer(categorical_features=[],
                                      display_types=False, features_todrop=[],
                                      id_columns=[], ml_usecase='regression',
                                      numerical_features=[], target='Price',
                                      time_features=[])),
                ('imputer',
                 Simple_Imputer(categorical_strategy='not_available',
                                fill_value_categorical=None,
                                fill_value_numerical=None,
                                numeric_strategy=...
                ('dummy', Dummify(target='Price')),
                ('fix_perfect', Remove_100(target='Price')),
                ('clean_names', Clean_Colum_Names()),
                ('feature_select', 'passthrough'),
                ('fix_multi',
                 Fix_multicollinearity(correlation_with_target_preference=None,
                                       correlation_with_target_threshold=0.0,
                                       target_variable='Price',
                                       threshold=0.95)),
                ('dfs', 'passthrough'), ('pca', 'passthrough')],
         verbose=False), verbose=False, kwargs={})
2023-12-23 17:53:47,527:INFO:Adding model into prep_pipe
2023-12-23 17:53:47,529:WARNING:Only Model saved as it was a pipeline.
2023-12-23 17:53:47,537:INFO:Transformation Pipeline.pkl saved in current working directory
2023-12-23 17:53:47,544:INFO:Pipeline(memory=None,
         steps=[('dtypes',
                 DataTypes_Auto_infer(categorical_features=[],
                                      display_types=False, features_todrop=[],
                                      id_columns=[], ml_usecase='regression',
                                      numerical_features=[], target='Price',
                                      time_features=[])),
                ('imputer',
                 Simple_Imputer(categorical_strategy='not_available',
                                fill_value_categorical=None,
                                fill_value_numerical=None,
                                numeric_strategy=...
                ('dummy', Dummify(target='Price')),
                ('fix_perfect', Remove_100(target='Price')),
                ('clean_names', Clean_Colum_Names()),
                ('feature_select', 'passthrough'),
                ('fix_multi',
                 Fix_multicollinearity(correlation_with_target_preference=None,
                                       correlation_with_target_threshold=0.0,
                                       target_variable='Price',
                                       threshold=0.95)),
                ('dfs', 'passthrough'), ('pca', 'passthrough')],
         verbose=False)
2023-12-23 17:53:47,544:INFO:save_model() successfully completed......................................
2023-12-23 17:53:47,650:INFO:SubProcess save_model() end ==================================
